{
  "stats": {
    "suites": 1,
    "tests": 1,
    "passes": 1,
    "pending": 0,
    "failures": 0,
    "start": "2023-06-20T19:47:01.857Z",
    "end": "2023-06-20T19:47:13.536Z",
    "duration": 11679,
    "testsRegistered": 1,
    "passPercent": 100,
    "pendingPercent": 0,
    "other": 0,
    "hasOther": false,
    "skipped": 0,
    "hasSkipped": false
  },
  "results": [
    {
      "uuid": "cafeadcb-85e8-42d4-9dce-fab828a0720b",
      "title": "",
      "fullFile": "cypress\\e2e\\integration\\Login\\Tc_02.cy.js",
      "file": "cypress\\e2e\\integration\\Login\\Tc_02.cy.js",
      "beforeHooks": [],
      "afterHooks": [],
      "tests": [],
      "suites": [
        {
          "uuid": "6d60d7a6-5948-4c5d-a37a-b059fd5cea43",
          "title": "Login Negative Test Suite",
          "fullFile": "",
          "file": "",
          "beforeHooks": [],
          "afterHooks": [],
          "tests": [
            {
              "title": "Wrong Password Enter Fail Test Scenarios ",
              "fullTitle": "Login Negative Test Suite Wrong Password Enter Fail Test Scenarios ",
              "timedOut": null,
              "duration": 9698,
              "state": "passed",
              "speed": "medium",
              "pass": true,
              "fail": false,
              "pending": false,
              "context": null,
              "code": "const loginPage = new _LoginPage.default();\ncy.visit(Cypress.env('url'));\nloginPage.userNameTexField().type(this.data.userName);\nloginPage.passwordTexField().type(this.data.wrongPassword);\nloginPage.loginButton().click();\nloginPage.passwordErrorMessage().should('have.text', this.data.errorVerifyText);",
              "err": {},
              "uuid": "8c9af650-d9e6-4ff8-8a62-c097a9092a04",
              "parentUUID": "6d60d7a6-5948-4c5d-a37a-b059fd5cea43",
              "isHook": false,
              "skipped": false
            }
          ],
          "suites": [],
          "passes": [
            "8c9af650-d9e6-4ff8-8a62-c097a9092a04"
          ],
          "failures": [],
          "pending": [],
          "skipped": [],
          "duration": 9698,
          "root": false,
          "rootEmpty": false,
          "_timeout": 2000
        }
      ],
      "passes": [],
      "failures": [],
      "pending": [],
      "skipped": [],
      "duration": 0,
      "root": true,
      "rootEmpty": true,
      "_timeout": 2000
    }
  ],
  "meta": {
    "mocha": {
      "version": "7.0.1"
    },
    "mochawesome": {
      "options": {
        "quiet": false,
        "reportFilename": "mochawesome",
        "saveHtml": true,
        "saveJson": true,
        "consoleReporter": "spec",
        "useInlineDiffs": false,
        "code": true
      },
      "version": "7.1.3"
    },
    "marge": {
      "options": null,
      "version": "6.2.0"
    }
  }
}